-encoding
UTF-8
-outxml
-source
7
-target
7
-classpath
C:\Users\zazabi37\.m2\repository\commons-io\commons-io\1.4\commons-io-1.4.jar;C:\Users\zazabi37\.m2\repository\junit\junit\4.11\junit-4.11.jar;C:\Users\zazabi37\.m2\repository\log4j\log4j\1.2.17\log4j-1.2.17.jar;C:\Users\zazabi37\.m2\repository\org\slf4j\slf4j-api\1.7.5\slf4j-api-1.7.5.jar;C:\Users\zazabi37\.m2\repository\org\slf4j\jcl-over-slf4j\1.7.5\jcl-over-slf4j-1.7.5.jar;C:\Users\zazabi37\.m2\repository\org\slf4j\slf4j-log4j12\1.7.5\slf4j-log4j12-1.7.5.jar;C:\Users\zazabi37\.m2\repository\org\aspectj\aspectjrt\1.8.1\aspectjrt-1.8.1.jar;C:\Users\zazabi37\.m2\repository\org\aspectj\aspectjweaver\1.8.1\aspectjweaver-1.8.1.jar;C:\Users\zazabi37\.m2\repository\javax\servlet\servlet-api\2.5\servlet-api-2.5.jar;C:\Users\zazabi37\.m2\repository\net\sf\flexjson\flexjson\2.1\flexjson-2.1.jar;C:\Users\zazabi37\.m2\repository\org\apache\commons\commons-lang3\3.1\commons-lang3-3.1.jar;C:\Users\zazabi37\.m2\repository\org\springframework\roo\org.springframework.roo.annotations\1.3.1.RELEASE\org.springframework.roo.annotations-1.3.1.RELEASE.jar;C:\Users\zazabi37\.m2\repository\org\springframework\spring-core\3.2.8.RELEASE\spring-core-3.2.8.RELEASE.jar;C:\Users\zazabi37\.m2\repository\org\springframework\spring-test\3.2.8.RELEASE\spring-test-3.2.8.RELEASE.jar;C:\Users\zazabi37\.m2\repository\org\springframework\spring-context\3.2.8.RELEASE\spring-context-3.2.8.RELEASE.jar;C:\Users\zazabi37\.m2\repository\org\springframework\spring-aop\3.2.8.RELEASE\spring-aop-3.2.8.RELEASE.jar;C:\Users\zazabi37\.m2\repository\org\springframework\spring-aspects\3.2.8.RELEASE\spring-aspects-3.2.8.RELEASE.jar;C:\Users\zazabi37\.m2\repository\org\apache\derby\derby\10.8.2.2\derby-10.8.2.2.jar;C:\Users\zazabi37\.m2\repository\org\hibernate\hibernate-core\4.3.6.Final\hibernate-core-4.3.6.Final.jar;C:\Users\zazabi37\.m2\repository\org\hibernate\hibernate-entitymanager\4.3.6.Final\hibernate-entitymanager-4.3.6.Final.jar;C:\Users\zazabi37\.m2\repository\org\hibernate\javax\persistence\hibernate-jpa-2.1-api\1.0.0.Final\hibernate-jpa-2.1-api-1.0.0.Final.jar;C:\Users\zazabi37\.m2\repository\commons-collections\commons-collections\3.2.1\commons-collections-3.2.1.jar;C:\Users\zazabi37\.m2\repository\org\hibernate\hibernate-validator\4.3.2.Final\hibernate-validator-4.3.2.Final.jar;C:\Users\zazabi37\.m2\repository\javax\validation\validation-api\1.0.0.GA\validation-api-1.0.0.GA.jar;C:\Users\zazabi37\.m2\repository\javax\transaction\jta\1.1\jta-1.1.jar;C:\Users\zazabi37\.m2\repository\org\springframework\spring-jdbc\3.2.8.RELEASE\spring-jdbc-3.2.8.RELEASE.jar;C:\Users\zazabi37\.m2\repository\org\springframework\spring-orm\3.2.8.RELEASE\spring-orm-3.2.8.RELEASE.jar;C:\Users\zazabi37\.m2\repository\commons-pool\commons-pool\1.5.6\commons-pool-1.5.6.jar;C:\Users\zazabi37\.m2\repository\commons-dbcp\commons-dbcp\1.4\commons-dbcp-1.4.jar;C:\Users\zazabi37\.m2\repository\org\springframework\spring-webmvc\3.2.8.RELEASE\spring-webmvc-3.2.8.RELEASE.jar;C:\Users\zazabi37\.m2\repository\org\springframework\webflow\spring-js-resources\2.2.1.RELEASE\spring-js-resources-2.2.1.RELEASE.jar;C:\Users\zazabi37\.m2\repository\commons-digester\commons-digester\2.1\commons-digester-2.1.jar;C:\Users\zazabi37\.m2\repository\commons-fileupload\commons-fileupload\1.2.2\commons-fileupload-1.2.2.jar;C:\Users\zazabi37\.m2\repository\javax\servlet\jsp\jstl\jstl-api\1.2\jstl-api-1.2.jar;C:\Users\zazabi37\.m2\repository\org\glassfish\web\jstl-impl\1.2\jstl-impl-1.2.jar;C:\Users\zazabi37\.m2\repository\javax\el\el-api\2.2\el-api-2.2.jar;C:\Users\zazabi37\.m2\repository\joda-time\joda-time\1.6\joda-time-1.6.jar;C:\Users\zazabi37\.m2\repository\javax\servlet\jsp\jsp-api\2.1\jsp-api-2.1.jar;C:\Users\zazabi37\.m2\repository\commons-codec\commons-codec\1.5\commons-codec-1.5.jar;C:\Users\zazabi37\.m2\repository\org\apache\tiles\tiles-jsp\2.2.2\tiles-jsp-2.2.2.jar;C:\Users\zazabi37\.m2\repository\org\springframework\security\spring-security-core\3.2.5.RELEASE\spring-security-core-3.2.5.RELEASE.jar;C:\Users\zazabi37\.m2\repository\org\springframework\security\spring-security-config\3.2.5.RELEASE\spring-security-config-3.2.5.RELEASE.jar;C:\Users\zazabi37\.m2\repository\org\springframework\security\spring-security-web\3.2.5.RELEASE\spring-security-web-3.2.5.RELEASE.jar;C:\Users\zazabi37\.m2\repository\org\springframework\security\spring-security-taglibs\3.2.5.RELEASE\spring-security-taglibs-3.2.5.RELEASE.jar;C:\Users\zazabi37\.m2\repository\org\springframework\spring-beans\3.2.8.RELEASE\spring-beans-3.2.8.RELEASE.jar;C:\Users\zazabi37\.m2\repository\org\springframework\spring-expression\3.2.8.RELEASE\spring-expression-3.2.8.RELEASE.jar;C:\Users\zazabi37\.m2\repository\aopalliance\aopalliance\1.0\aopalliance-1.0.jar;C:\Users\zazabi37\.m2\repository\org\jboss\logging\jboss-logging\3.1.3.GA\jboss-logging-3.1.3.GA.jar;C:\Users\zazabi37\.m2\repository\org\jboss\logging\jboss-logging-annotations\1.2.0.Beta1\jboss-logging-annotations-1.2.0.Beta1.jar;C:\Users\zazabi37\.m2\repository\org\jboss\spec\javax\transaction\jboss-transaction-api_1.2_spec\1.0.0.Final\jboss-transaction-api_1.2_spec-1.0.0.Final.jar;C:\Users\zazabi37\.m2\repository\dom4j\dom4j\1.6.1\dom4j-1.6.1.jar;C:\Users\zazabi37\.m2\repository\xml-apis\xml-apis\1.0.b2\xml-apis-1.0.b2.jar;C:\Users\zazabi37\.m2\repository\org\hibernate\common\hibernate-commons-annotations\4.0.5.Final\hibernate-commons-annotations-4.0.5.Final.jar;C:\Users\zazabi37\.m2\repository\org\javassist\javassist\3.18.1-GA\javassist-3.18.1-GA.jar;C:\Users\zazabi37\.m2\repository\antlr\antlr\2.7.7\antlr-2.7.7.jar;C:\Users\zazabi37\.m2\repository\org\jboss\jandex\1.1.0.Final\jandex-1.1.0.Final.jar;C:\Users\zazabi37\.m2\repository\org\springframework\spring-tx\3.2.8.RELEASE\spring-tx-3.2.8.RELEASE.jar;C:\Users\zazabi37\.m2\repository\org\springframework\spring-web\3.2.8.RELEASE\spring-web-3.2.8.RELEASE.jar;C:\Users\zazabi37\.m2\repository\commons-beanutils\commons-beanutils\1.8.3\commons-beanutils-1.8.3.jar;C:\Users\zazabi37\.m2\repository\org\apache\tiles\tiles-servlet\2.2.2\tiles-servlet-2.2.2.jar;C:\Users\zazabi37\.m2\repository\org\apache\tiles\tiles-core\2.2.2\tiles-core-2.2.2.jar;C:\Users\zazabi37\.m2\repository\org\apache\tiles\tiles-template\2.2.2\tiles-template-2.2.2.jar;C:\Users\zazabi37\.m2\repository\org\apache\tiles\tiles-api\2.2.2\tiles-api-2.2.2.jar;C:\Users\zazabi37\.m2\repository\org\springframework\security\spring-security-acl\3.2.5.RELEASE\spring-security-acl-3.2.5.RELEASE.jar;C:\Users\zazabi37\Desktop\MyProjectSpa\target\classes
-aspectpath
C:\Users\zazabi37\.m2\repository\org\springframework\spring-aspects\3.2.8.RELEASE\spring-aspects-3.2.8.RELEASE.jar
-d
C:\Users\zazabi37\Desktop\MyProjectSpa\target\classes
C:\Users\zazabi37\Desktop\MyProjectSpa\src\main\java\com\main\myprojectspa\base\BaseEntity.java
C:\Users\zazabi37\Desktop\MyProjectSpa\src\main\java\com\main\myprojectspa\base\BaseEntity_Roo_Configurable.aj
C:\Users\zazabi37\Desktop\MyProjectSpa\src\main\java\com\main\myprojectspa\base\BaseEntity_Roo_JavaBean.aj
C:\Users\zazabi37\Desktop\MyProjectSpa\src\main\java\com\main\myprojectspa\base\BaseEntity_Roo_Jpa_ActiveRecord.aj
C:\Users\zazabi37\Desktop\MyProjectSpa\src\main\java\com\main\myprojectspa\base\BaseEntity_Roo_Jpa_Entity.aj
C:\Users\zazabi37\Desktop\MyProjectSpa\src\main\java\com\main\myprojectspa\base\BaseEntity_Roo_ToString.aj
C:\Users\zazabi37\Desktop\MyProjectSpa\src\main\java\com\main\myprojectspa\domain\projectspa\Customer.java
C:\Users\zazabi37\Desktop\MyProjectSpa\src\main\java\com\main\myprojectspa\domain\projectspa\CustomerType.java
C:\Users\zazabi37\Desktop\MyProjectSpa\src\main\java\com\main\myprojectspa\domain\projectspa\CustomerType_Roo_Configurable.aj
C:\Users\zazabi37\Desktop\MyProjectSpa\src\main\java\com\main\myprojectspa\domain\projectspa\CustomerType_Roo_JavaBean.aj
C:\Users\zazabi37\Desktop\MyProjectSpa\src\main\java\com\main\myprojectspa\domain\projectspa\CustomerType_Roo_Jpa_ActiveRecord.aj
C:\Users\zazabi37\Desktop\MyProjectSpa\src\main\java\com\main\myprojectspa\domain\projectspa\CustomerType_Roo_Jpa_Entity.aj
C:\Users\zazabi37\Desktop\MyProjectSpa\src\main\java\com\main\myprojectspa\domain\projectspa\CustomerType_Roo_Json.aj
C:\Users\zazabi37\Desktop\MyProjectSpa\src\main\java\com\main\myprojectspa\domain\projectspa\CustomerType_Roo_ToString.aj
C:\Users\zazabi37\Desktop\MyProjectSpa\src\main\java\com\main\myprojectspa\domain\projectspa\Customer_Custom_Finder.aj
C:\Users\zazabi37\Desktop\MyProjectSpa\src\main\java\com\main\myprojectspa\domain\projectspa\Customer_Roo_Configurable.aj
C:\Users\zazabi37\Desktop\MyProjectSpa\src\main\java\com\main\myprojectspa\domain\projectspa\Customer_Roo_JavaBean.aj
C:\Users\zazabi37\Desktop\MyProjectSpa\src\main\java\com\main\myprojectspa\domain\projectspa\Customer_Roo_Jpa_ActiveRecord.aj
C:\Users\zazabi37\Desktop\MyProjectSpa\src\main\java\com\main\myprojectspa\domain\projectspa\Customer_Roo_Jpa_Entity.aj
C:\Users\zazabi37\Desktop\MyProjectSpa\src\main\java\com\main\myprojectspa\domain\projectspa\Customer_Roo_Json.aj
C:\Users\zazabi37\Desktop\MyProjectSpa\src\main\java\com\main\myprojectspa\domain\projectspa\Customer_Roo_ToString.aj
C:\Users\zazabi37\Desktop\MyProjectSpa\src\main\java\com\main\myprojectspa\domain\projectspa\Employee.java
C:\Users\zazabi37\Desktop\MyProjectSpa\src\main\java\com\main\myprojectspa\domain\projectspa\Employee_Custom_Finder.aj
C:\Users\zazabi37\Desktop\MyProjectSpa\src\main\java\com\main\myprojectspa\domain\projectspa\Employee_Roo_Configurable.aj
C:\Users\zazabi37\Desktop\MyProjectSpa\src\main\java\com\main\myprojectspa\domain\projectspa\Employee_Roo_JavaBean.aj
C:\Users\zazabi37\Desktop\MyProjectSpa\src\main\java\com\main\myprojectspa\domain\projectspa\Employee_Roo_Jpa_ActiveRecord.aj
C:\Users\zazabi37\Desktop\MyProjectSpa\src\main\java\com\main\myprojectspa\domain\projectspa\Employee_Roo_Jpa_Entity.aj
C:\Users\zazabi37\Desktop\MyProjectSpa\src\main\java\com\main\myprojectspa\domain\projectspa\Employee_Roo_Json.aj
C:\Users\zazabi37\Desktop\MyProjectSpa\src\main\java\com\main\myprojectspa\domain\projectspa\Employee_Roo_ToString.aj
C:\Users\zazabi37\Desktop\MyProjectSpa\src\main\java\com\main\myprojectspa\domain\projectspa\Holiday.java
C:\Users\zazabi37\Desktop\MyProjectSpa\src\main\java\com\main\myprojectspa\domain\projectspa\Holiday_Roo_Configurable.aj
C:\Users\zazabi37\Desktop\MyProjectSpa\src\main\java\com\main\myprojectspa\domain\projectspa\Holiday_Roo_JavaBean.aj
C:\Users\zazabi37\Desktop\MyProjectSpa\src\main\java\com\main\myprojectspa\domain\projectspa\Holiday_Roo_Jpa_ActiveRecord.aj
C:\Users\zazabi37\Desktop\MyProjectSpa\src\main\java\com\main\myprojectspa\domain\projectspa\Holiday_Roo_Jpa_Entity.aj
C:\Users\zazabi37\Desktop\MyProjectSpa\src\main\java\com\main\myprojectspa\domain\projectspa\Holiday_Roo_Json.aj
C:\Users\zazabi37\Desktop\MyProjectSpa\src\main\java\com\main\myprojectspa\domain\projectspa\Holiday_Roo_ToString.aj
C:\Users\zazabi37\Desktop\MyProjectSpa\src\main\java\com\main\myprojectspa\domain\projectspa\Information.java
C:\Users\zazabi37\Desktop\MyProjectSpa\src\main\java\com\main\myprojectspa\domain\projectspa\Information_Custom_Finder.aj
C:\Users\zazabi37\Desktop\MyProjectSpa\src\main\java\com\main\myprojectspa\domain\projectspa\Information_Roo_Configurable.aj
C:\Users\zazabi37\Desktop\MyProjectSpa\src\main\java\com\main\myprojectspa\domain\projectspa\Information_Roo_JavaBean.aj
C:\Users\zazabi37\Desktop\MyProjectSpa\src\main\java\com\main\myprojectspa\domain\projectspa\Information_Roo_Jpa_ActiveRecord.aj
C:\Users\zazabi37\Desktop\MyProjectSpa\src\main\java\com\main\myprojectspa\domain\projectspa\Information_Roo_Jpa_Entity.aj
C:\Users\zazabi37\Desktop\MyProjectSpa\src\main\java\com\main\myprojectspa\domain\projectspa\Information_Roo_Json.aj
C:\Users\zazabi37\Desktop\MyProjectSpa\src\main\java\com\main\myprojectspa\domain\projectspa\Information_Roo_ToString.aj
C:\Users\zazabi37\Desktop\MyProjectSpa\src\main\java\com\main\myprojectspa\domain\projectspa\Massage.java
C:\Users\zazabi37\Desktop\MyProjectSpa\src\main\java\com\main\myprojectspa\domain\projectspa\MassageEvent.java
C:\Users\zazabi37\Desktop\MyProjectSpa\src\main\java\com\main\myprojectspa\domain\projectspa\MassageEvent_Custom_Finder.aj
C:\Users\zazabi37\Desktop\MyProjectSpa\src\main\java\com\main\myprojectspa\domain\projectspa\MassageEvent_Roo_Configurable.aj
C:\Users\zazabi37\Desktop\MyProjectSpa\src\main\java\com\main\myprojectspa\domain\projectspa\MassageEvent_Roo_JavaBean.aj
C:\Users\zazabi37\Desktop\MyProjectSpa\src\main\java\com\main\myprojectspa\domain\projectspa\MassageEvent_Roo_Jpa_ActiveRecord.aj
C:\Users\zazabi37\Desktop\MyProjectSpa\src\main\java\com\main\myprojectspa\domain\projectspa\MassageEvent_Roo_Jpa_Entity.aj
C:\Users\zazabi37\Desktop\MyProjectSpa\src\main\java\com\main\myprojectspa\domain\projectspa\MassageEvent_Roo_Json.aj
C:\Users\zazabi37\Desktop\MyProjectSpa\src\main\java\com\main\myprojectspa\domain\projectspa\MassageEvent_Roo_ToString.aj
C:\Users\zazabi37\Desktop\MyProjectSpa\src\main\java\com\main\myprojectspa\domain\projectspa\MassageTypes.java
C:\Users\zazabi37\Desktop\MyProjectSpa\src\main\java\com\main\myprojectspa\domain\projectspa\MassageTypes_Roo_Configurable.aj
C:\Users\zazabi37\Desktop\MyProjectSpa\src\main\java\com\main\myprojectspa\domain\projectspa\MassageTypes_Roo_JavaBean.aj
C:\Users\zazabi37\Desktop\MyProjectSpa\src\main\java\com\main\myprojectspa\domain\projectspa\MassageTypes_Roo_Jpa_ActiveRecord.aj
C:\Users\zazabi37\Desktop\MyProjectSpa\src\main\java\com\main\myprojectspa\domain\projectspa\MassageTypes_Roo_Jpa_Entity.aj
C:\Users\zazabi37\Desktop\MyProjectSpa\src\main\java\com\main\myprojectspa\domain\projectspa\MassageTypes_Roo_Json.aj
C:\Users\zazabi37\Desktop\MyProjectSpa\src\main\java\com\main\myprojectspa\domain\projectspa\MassageTypes_Roo_ToString.aj
C:\Users\zazabi37\Desktop\MyProjectSpa\src\main\java\com\main\myprojectspa\domain\projectspa\Massage_Custom_Finder.aj
C:\Users\zazabi37\Desktop\MyProjectSpa\src\main\java\com\main\myprojectspa\domain\projectspa\Massage_Roo_Configurable.aj
C:\Users\zazabi37\Desktop\MyProjectSpa\src\main\java\com\main\myprojectspa\domain\projectspa\Massage_Roo_JavaBean.aj
C:\Users\zazabi37\Desktop\MyProjectSpa\src\main\java\com\main\myprojectspa\domain\projectspa\Massage_Roo_Jpa_ActiveRecord.aj
C:\Users\zazabi37\Desktop\MyProjectSpa\src\main\java\com\main\myprojectspa\domain\projectspa\Massage_Roo_Jpa_Entity.aj
C:\Users\zazabi37\Desktop\MyProjectSpa\src\main\java\com\main\myprojectspa\domain\projectspa\Massage_Roo_Json.aj
C:\Users\zazabi37\Desktop\MyProjectSpa\src\main\java\com\main\myprojectspa\domain\projectspa\Massage_Roo_ToString.aj
C:\Users\zazabi37\Desktop\MyProjectSpa\src\main\java\com\main\myprojectspa\domain\projectspa\Product.java
C:\Users\zazabi37\Desktop\MyProjectSpa\src\main\java\com\main\myprojectspa\domain\projectspa\ProductTypes.java
C:\Users\zazabi37\Desktop\MyProjectSpa\src\main\java\com\main\myprojectspa\domain\projectspa\Producttypes_Custom_Finder.aj
C:\Users\zazabi37\Desktop\MyProjectSpa\src\main\java\com\main\myprojectspa\domain\projectspa\ProductTypes_Roo_Configurable.aj
C:\Users\zazabi37\Desktop\MyProjectSpa\src\main\java\com\main\myprojectspa\domain\projectspa\ProductTypes_Roo_JavaBean.aj
C:\Users\zazabi37\Desktop\MyProjectSpa\src\main\java\com\main\myprojectspa\domain\projectspa\ProductTypes_Roo_Jpa_ActiveRecord.aj
C:\Users\zazabi37\Desktop\MyProjectSpa\src\main\java\com\main\myprojectspa\domain\projectspa\ProductTypes_Roo_Jpa_Entity.aj
C:\Users\zazabi37\Desktop\MyProjectSpa\src\main\java\com\main\myprojectspa\domain\projectspa\ProductTypes_Roo_Json.aj
C:\Users\zazabi37\Desktop\MyProjectSpa\src\main\java\com\main\myprojectspa\domain\projectspa\ProductTypes_Roo_ToString.aj
C:\Users\zazabi37\Desktop\MyProjectSpa\src\main\java\com\main\myprojectspa\domain\projectspa\Product_Custom_Finder.aj
C:\Users\zazabi37\Desktop\MyProjectSpa\src\main\java\com\main\myprojectspa\domain\projectspa\Product_Roo_Configurable.aj
C:\Users\zazabi37\Desktop\MyProjectSpa\src\main\java\com\main\myprojectspa\domain\projectspa\Product_Roo_JavaBean.aj
C:\Users\zazabi37\Desktop\MyProjectSpa\src\main\java\com\main\myprojectspa\domain\projectspa\Product_Roo_Jpa_ActiveRecord.aj
C:\Users\zazabi37\Desktop\MyProjectSpa\src\main\java\com\main\myprojectspa\domain\projectspa\Product_Roo_Jpa_Entity.aj
C:\Users\zazabi37\Desktop\MyProjectSpa\src\main\java\com\main\myprojectspa\domain\projectspa\Product_Roo_Json.aj
C:\Users\zazabi37\Desktop\MyProjectSpa\src\main\java\com\main\myprojectspa\domain\projectspa\Product_Roo_ToString.aj
C:\Users\zazabi37\Desktop\MyProjectSpa\src\main\java\com\main\myprojectspa\domain\projectspa\ShoppingEvent.java
C:\Users\zazabi37\Desktop\MyProjectSpa\src\main\java\com\main\myprojectspa\domain\projectspa\ShoppingEvent_Roo_Configurable.aj
C:\Users\zazabi37\Desktop\MyProjectSpa\src\main\java\com\main\myprojectspa\domain\projectspa\ShoppingEvent_Roo_JavaBean.aj
C:\Users\zazabi37\Desktop\MyProjectSpa\src\main\java\com\main\myprojectspa\domain\projectspa\ShoppingEvent_Roo_Jpa_ActiveRecord.aj
C:\Users\zazabi37\Desktop\MyProjectSpa\src\main\java\com\main\myprojectspa\domain\projectspa\ShoppingEvent_Roo_Jpa_Entity.aj
C:\Users\zazabi37\Desktop\MyProjectSpa\src\main\java\com\main\myprojectspa\domain\projectspa\ShoppingEvent_Roo_Json.aj
C:\Users\zazabi37\Desktop\MyProjectSpa\src\main\java\com\main\myprojectspa\domain\projectspa\ShoppingEvent_Roo_ToString.aj
C:\Users\zazabi37\Desktop\MyProjectSpa\src\main\java\com\main\myprojectspa\domain\projectspa\util\ApplicationConstant.java
C:\Users\zazabi37\Desktop\MyProjectSpa\src\main\java\com\main\myprojectspa\web\myprojectspa\ApplicationConversionServiceFactoryBean.java
C:\Users\zazabi37\Desktop\MyProjectSpa\src\main\java\com\main\myprojectspa\web\myprojectspa\ApplicationConversionServiceFactoryBean_Roo_ConversionService.aj
C:\Users\zazabi37\Desktop\MyProjectSpa\src\main\java\com\main\myprojectspa\web\myprojectspa\CustomerController.java
C:\Users\zazabi37\Desktop\MyProjectSpa\src\main\java\com\main\myprojectspa\web\myprojectspa\CustomerController_Custom_Controller.aj
C:\Users\zazabi37\Desktop\MyProjectSpa\src\main\java\com\main\myprojectspa\web\myprojectspa\CustomerController_Custom_Controller_Json.aj
C:\Users\zazabi37\Desktop\MyProjectSpa\src\main\java\com\main\myprojectspa\web\myprojectspa\CustomerController_Roo_Controller.aj
C:\Users\zazabi37\Desktop\MyProjectSpa\src\main\java\com\main\myprojectspa\web\myprojectspa\CustomerController_Roo_Controller_Json.aj
C:\Users\zazabi37\Desktop\MyProjectSpa\src\main\java\com\main\myprojectspa\web\myprojectspa\CustomerTypeController.java
C:\Users\zazabi37\Desktop\MyProjectSpa\src\main\java\com\main\myprojectspa\web\myprojectspa\CustomerTypeController_Roo_Controller.aj
C:\Users\zazabi37\Desktop\MyProjectSpa\src\main\java\com\main\myprojectspa\web\myprojectspa\CustomerTypeController_Roo_Controller_Json.aj
C:\Users\zazabi37\Desktop\MyProjectSpa\src\main\java\com\main\myprojectspa\web\myprojectspa\EmployeeController.java
C:\Users\zazabi37\Desktop\MyProjectSpa\src\main\java\com\main\myprojectspa\web\myprojectspa\EmployeeController_Custom_Controller.aj
C:\Users\zazabi37\Desktop\MyProjectSpa\src\main\java\com\main\myprojectspa\web\myprojectspa\EmployeeController_Custom_Controller_Json.aj
C:\Users\zazabi37\Desktop\MyProjectSpa\src\main\java\com\main\myprojectspa\web\myprojectspa\EmployeeController_Roo_Controller.aj
C:\Users\zazabi37\Desktop\MyProjectSpa\src\main\java\com\main\myprojectspa\web\myprojectspa\EmployeeController_Roo_Controller_Json.aj
C:\Users\zazabi37\Desktop\MyProjectSpa\src\main\java\com\main\myprojectspa\web\myprojectspa\HolidayController.java
C:\Users\zazabi37\Desktop\MyProjectSpa\src\main\java\com\main\myprojectspa\web\myprojectspa\HolidayController_Roo_Controller.aj
C:\Users\zazabi37\Desktop\MyProjectSpa\src\main\java\com\main\myprojectspa\web\myprojectspa\HolidayController_Roo_Controller_Json.aj
C:\Users\zazabi37\Desktop\MyProjectSpa\src\main\java\com\main\myprojectspa\web\myprojectspa\InformationController.java
C:\Users\zazabi37\Desktop\MyProjectSpa\src\main\java\com\main\myprojectspa\web\myprojectspa\InformationController_Custom_Controller_Json.aj
C:\Users\zazabi37\Desktop\MyProjectSpa\src\main\java\com\main\myprojectspa\web\myprojectspa\InformationController_Roo_Controller.aj
C:\Users\zazabi37\Desktop\MyProjectSpa\src\main\java\com\main\myprojectspa\web\myprojectspa\InformationController_Roo_Controller_Json.aj
C:\Users\zazabi37\Desktop\MyProjectSpa\src\main\java\com\main\myprojectspa\web\myprojectspa\MassageController.java
C:\Users\zazabi37\Desktop\MyProjectSpa\src\main\java\com\main\myprojectspa\web\myprojectspa\MassageController_Custom_Controller.aj
C:\Users\zazabi37\Desktop\MyProjectSpa\src\main\java\com\main\myprojectspa\web\myprojectspa\MassageController_Custom_Controller_Json.aj
C:\Users\zazabi37\Desktop\MyProjectSpa\src\main\java\com\main\myprojectspa\web\myprojectspa\MassageController_Roo_Controller.aj
C:\Users\zazabi37\Desktop\MyProjectSpa\src\main\java\com\main\myprojectspa\web\myprojectspa\MassageController_Roo_Controller_Json.aj
C:\Users\zazabi37\Desktop\MyProjectSpa\src\main\java\com\main\myprojectspa\web\myprojectspa\MassageEventController.java
C:\Users\zazabi37\Desktop\MyProjectSpa\src\main\java\com\main\myprojectspa\web\myprojectspa\MassageEventController_Custom_Controller.aj
C:\Users\zazabi37\Desktop\MyProjectSpa\src\main\java\com\main\myprojectspa\web\myprojectspa\MassageEventController_Custom_Controller_Json.aj
C:\Users\zazabi37\Desktop\MyProjectSpa\src\main\java\com\main\myprojectspa\web\myprojectspa\MassageEventController_Roo_Controller.aj
C:\Users\zazabi37\Desktop\MyProjectSpa\src\main\java\com\main\myprojectspa\web\myprojectspa\MassageEventController_Roo_Controller_Json.aj
C:\Users\zazabi37\Desktop\MyProjectSpa\src\main\java\com\main\myprojectspa\web\myprojectspa\MassageTypesController.java
C:\Users\zazabi37\Desktop\MyProjectSpa\src\main\java\com\main\myprojectspa\web\myprojectspa\MassageTypesController_Custom_Controller_Json.aj
C:\Users\zazabi37\Desktop\MyProjectSpa\src\main\java\com\main\myprojectspa\web\myprojectspa\MassageTypesController_Roo_Controller.aj
C:\Users\zazabi37\Desktop\MyProjectSpa\src\main\java\com\main\myprojectspa\web\myprojectspa\MassageTypesController_Roo_Controller_Json.aj
C:\Users\zazabi37\Desktop\MyProjectSpa\src\main\java\com\main\myprojectspa\web\myprojectspa\ProductController.java
C:\Users\zazabi37\Desktop\MyProjectSpa\src\main\java\com\main\myprojectspa\web\myprojectspa\ProductController_Custom_Controller.aj
C:\Users\zazabi37\Desktop\MyProjectSpa\src\main\java\com\main\myprojectspa\web\myprojectspa\ProductController_Custom_Controller_Json.aj
C:\Users\zazabi37\Desktop\MyProjectSpa\src\main\java\com\main\myprojectspa\web\myprojectspa\ProductController_Roo_Controller.aj
C:\Users\zazabi37\Desktop\MyProjectSpa\src\main\java\com\main\myprojectspa\web\myprojectspa\ProductController_Roo_Controller_Json.aj
C:\Users\zazabi37\Desktop\MyProjectSpa\src\main\java\com\main\myprojectspa\web\myprojectspa\ProductTypesController.java
C:\Users\zazabi37\Desktop\MyProjectSpa\src\main\java\com\main\myprojectspa\web\myprojectspa\ProductTypesController_Custom_Controller_Json.aj
C:\Users\zazabi37\Desktop\MyProjectSpa\src\main\java\com\main\myprojectspa\web\myprojectspa\ProductTypesController_Roo_Controller.aj
C:\Users\zazabi37\Desktop\MyProjectSpa\src\main\java\com\main\myprojectspa\web\myprojectspa\ProductTypesController_Roo_Controller_Json.aj
C:\Users\zazabi37\Desktop\MyProjectSpa\src\main\java\com\main\myprojectspa\web\myprojectspa\ShoppingEventController.java
C:\Users\zazabi37\Desktop\MyProjectSpa\src\main\java\com\main\myprojectspa\web\myprojectspa\ShoppingEventController_Roo_Controller.aj
C:\Users\zazabi37\Desktop\MyProjectSpa\src\main\java\com\main\myprojectspa\web\myprojectspa\ShoppingEventController_Roo_Controller_Json.aj
